<?xml version="1.0" encoding="UTF-8"?>
<!-- Generated by org.testng.reporters.JUnitXMLReporter -->
<testsuite hostname="L7KSURYAW" name="Integration" tests="6" failures="0" timestamp="18 May 2015 20:38:59 GMT" time="256.72" errors="0">
  <testcase name="testAppDirectSignUp" time="27.034" classname="com.appdirect.qe.appdirectintegration.tests.SignUpPositive"/>
  <testcase name="testAppDirectSignUp" time="27.497" classname="com.appdirect.qe.appdirectintegration.tests.SignUpPositive"/>
  <testcase name="testErrorScenarios" time="24.213" classname="com.appdirect.qe.appdirectintegration.tests.SignUpNegative"/>
  <testcase name="testErrorScenarios" time="21.835" classname="com.appdirect.qe.appdirectintegration.tests.SignUpNegative"/>
  <testcase name="testErrorScenarios" time="26.849" classname="com.appdirect.qe.appdirectintegration.tests.SignUpNegative"/>
  <testcase name="testSignupPageLinks" time="70.559" classname="com.appdirect.qe.appdirectintegration.tests.SignUpAllLinks"/>
</testsuite> <!-- Integration -->
